0
50
100
150
200
250
300
350
400
450
500
550
600
650
700
750
800
Epoch 0 loss: 3934.356689
0
50
100
150
200
250
300
350
400
450
500
550
600
650
700
750
800
Epoch 1 loss: 2655.040039
0
50
100
150
200
250
300
350
400
450
500
550
600
650
700
750
800
Epoch 2 loss: 2533.822754
0
50
100
150
200
250
300
350
400
450
500
550
600
650
700
750
800
Epoch 3 loss: 2303.316650
0
50
100
150
200
250
300
350
400
450
500
550
600
650
700
750
800
Epoch 4 loss: 2159.203369
0
50
100
150
200
250
300
350
400
450
500
550
600
650
700
750
800
Epoch 5 loss: 2072.159180
0
50
100
150
200
250
300
350
400
450
500
550
600
650
700
750
800
Epoch 6 loss: 2107.922119
0
50
100
150
200
250
300
350
400
450
500
550
600
650
700
750
800
Epoch 7 loss: 2047.285645
0
50
100
150
200
250
300
350
400
450
500
550
600
650
700
750
800
Epoch 8 loss: 2015.138672
0
50
100
150
200
250
300
350
400
450
500
550
600
650
700
750
